2012/02/26 18:12:19 [error] [php] date(): It is not safe to rely on the system's timezone settings. You are *required* to use the date.timezone setting or the date_default_timezone_set() function. In case you used any of those methods and you are still getting this warning, you most likely misspelled the timezone identifier. We selected 'Asia/Chongqing' for 'CST/8.0/no DST' instead (/Users/mac/Sites/simplecrm/protected/views/layouts/main.php:50)
Stack trace:
#0 /Users/mac/Sites/yii/framework/web/CBaseController.php(96): SiteController->renderInternal()
#1 /Users/mac/Sites/yii/framework/web/widgets/CContentDecorator.php(77): SiteController->renderFile()
#2 /Users/mac/Sites/yii/framework/web/widgets/CContentDecorator.php(55): CContentDecorator->decorate()
#3 /Users/mac/Sites/yii/framework/web/widgets/COutputProcessor.php(45): CContentDecorator->processOutput()
#4 /Users/mac/Sites/yii/framework/web/CBaseController.php(207): CContentDecorator->run()
#5 /Users/mac/Sites/yii/framework/web/CBaseController.php(301): SiteController->endWidget()
#6 /Users/mac/Sites/simplecrm/protected/views/layouts/column1.php(5): SiteController->endContent()
#7 /Users/mac/Sites/yii/framework/web/CBaseController.php(127): require()
#8 /Users/mac/Sites/yii/framework/web/CBaseController.php(96): SiteController->renderInternal()
#9 /Users/mac/Sites/yii/framework/web/CController.php(785): SiteController->renderFile()
#10 /Users/mac/Sites/simplecrm/protected/controllers/SiteController.php(32): SiteController->render()
#11 /Users/mac/Sites/yii/framework/web/actions/CInlineAction.php(50): SiteController->actionIndex()
#12 /Users/mac/Sites/yii/framework/web/CController.php(309): CInlineAction->runWithParams()
#13 /Users/mac/Sites/yii/framework/web/CController.php(287): SiteController->runAction()
#14 /Users/mac/Sites/yii/framework/web/CController.php(266): SiteController->runActionWithFilters()
#15 /Users/mac/Sites/yii/framework/web/CWebApplication.php(276): SiteController->run()
#16 /Users/mac/Sites/yii/framework/web/CWebApplication.php(135): CWebApplication->runController()
#17 /Users/mac/Sites/yii/framework/base/CApplication.php(162): CWebApplication->processRequest()
#18 /Users/mac/Sites/simplecrm/index.php(13): CWebApplication->run()
REQUEST_URI=/~mac/simplecrm/
in /Users/mac/Sites/simplecrm/protected/views/layouts/main.php (50)
in /Users/mac/Sites/simplecrm/protected/views/layouts/column1.php (5)
in /Users/mac/Sites/simplecrm/protected/controllers/SiteController.php (32)
2012/02/26 18:14:48 [error] [php] date(): It is not safe to rely on the system's timezone settings. You are *required* to use the date.timezone setting or the date_default_timezone_set() function. In case you used any of those methods and you are still getting this warning, you most likely misspelled the timezone identifier. We selected 'Asia/Chongqing' for 'CST/8.0/no DST' instead (/Users/mac/Sites/simplecrm/protected/views/layouts/main.php:50)
Stack trace:
#0 /Users/mac/Sites/yii/framework/web/CBaseController.php(96): SiteController->renderInternal()
#1 /Users/mac/Sites/yii/framework/web/widgets/CContentDecorator.php(77): SiteController->renderFile()
#2 /Users/mac/Sites/yii/framework/web/widgets/CContentDecorator.php(55): CContentDecorator->decorate()
#3 /Users/mac/Sites/yii/framework/web/widgets/COutputProcessor.php(45): CContentDecorator->processOutput()
#4 /Users/mac/Sites/yii/framework/web/CBaseController.php(207): CContentDecorator->run()
#5 /Users/mac/Sites/yii/framework/web/CBaseController.php(301): SiteController->endWidget()
#6 /Users/mac/Sites/simplecrm/protected/views/layouts/column1.php(5): SiteController->endContent()
#7 /Users/mac/Sites/yii/framework/web/CBaseController.php(127): require()
#8 /Users/mac/Sites/yii/framework/web/CBaseController.php(96): SiteController->renderInternal()
#9 /Users/mac/Sites/yii/framework/web/CController.php(785): SiteController->renderFile()
#10 /Users/mac/Sites/simplecrm/protected/controllers/SiteController.php(32): SiteController->render()
#11 /Users/mac/Sites/yii/framework/web/actions/CInlineAction.php(50): SiteController->actionIndex()
#12 /Users/mac/Sites/yii/framework/web/CController.php(309): CInlineAction->runWithParams()
#13 /Users/mac/Sites/yii/framework/web/CController.php(287): SiteController->runAction()
#14 /Users/mac/Sites/yii/framework/web/CController.php(266): SiteController->runActionWithFilters()
#15 /Users/mac/Sites/yii/framework/web/CWebApplication.php(276): SiteController->run()
#16 /Users/mac/Sites/yii/framework/web/CWebApplication.php(135): CWebApplication->runController()
#17 /Users/mac/Sites/yii/framework/base/CApplication.php(162): CWebApplication->processRequest()
#18 /Users/mac/Sites/simplecrm/index.php(13): CWebApplication->run()
REQUEST_URI=/~mac/simplecrm/
in /Users/mac/Sites/simplecrm/protected/views/layouts/main.php (50)
in /Users/mac/Sites/simplecrm/protected/views/layouts/column1.php (5)
in /Users/mac/Sites/simplecrm/protected/controllers/SiteController.php (32)
2012/02/26 18:14:49 [error] [php] date(): It is not safe to rely on the system's timezone settings. You are *required* to use the date.timezone setting or the date_default_timezone_set() function. In case you used any of those methods and you are still getting this warning, you most likely misspelled the timezone identifier. We selected 'Asia/Chongqing' for 'CST/8.0/no DST' instead (/Users/mac/Sites/simplecrm/protected/views/layouts/main.php:50)
Stack trace:
#0 /Users/mac/Sites/yii/framework/web/CBaseController.php(96): SiteController->renderInternal()
#1 /Users/mac/Sites/yii/framework/web/widgets/CContentDecorator.php(77): SiteController->renderFile()
#2 /Users/mac/Sites/yii/framework/web/widgets/CContentDecorator.php(55): CContentDecorator->decorate()
#3 /Users/mac/Sites/yii/framework/web/widgets/COutputProcessor.php(45): CContentDecorator->processOutput()
#4 /Users/mac/Sites/yii/framework/web/CBaseController.php(207): CContentDecorator->run()
#5 /Users/mac/Sites/yii/framework/web/CBaseController.php(301): SiteController->endWidget()
#6 /Users/mac/Sites/simplecrm/protected/views/layouts/column1.php(5): SiteController->endContent()
#7 /Users/mac/Sites/yii/framework/web/CBaseController.php(127): require()
#8 /Users/mac/Sites/yii/framework/web/CBaseController.php(96): SiteController->renderInternal()
#9 /Users/mac/Sites/yii/framework/web/CController.php(785): SiteController->renderFile()
#10 /Users/mac/Sites/simplecrm/protected/controllers/SiteController.php(32): SiteController->render()
#11 /Users/mac/Sites/yii/framework/web/actions/CInlineAction.php(50): SiteController->actionIndex()
#12 /Users/mac/Sites/yii/framework/web/CController.php(309): CInlineAction->runWithParams()
#13 /Users/mac/Sites/yii/framework/web/CController.php(287): SiteController->runAction()
#14 /Users/mac/Sites/yii/framework/web/CController.php(266): SiteController->runActionWithFilters()
#15 /Users/mac/Sites/yii/framework/web/CWebApplication.php(276): SiteController->run()
#16 /Users/mac/Sites/yii/framework/web/CWebApplication.php(135): CWebApplication->runController()
#17 /Users/mac/Sites/yii/framework/base/CApplication.php(162): CWebApplication->processRequest()
#18 /Users/mac/Sites/simplecrm/index.php(13): CWebApplication->run()
REQUEST_URI=/~mac/simplecrm/
in /Users/mac/Sites/simplecrm/protected/views/layouts/main.php (50)
in /Users/mac/Sites/simplecrm/protected/views/layouts/column1.php (5)
in /Users/mac/Sites/simplecrm/protected/controllers/SiteController.php (32)
2012/02/26 18:14:50 [error] [php] date(): It is not safe to rely on the system's timezone settings. You are *required* to use the date.timezone setting or the date_default_timezone_set() function. In case you used any of those methods and you are still getting this warning, you most likely misspelled the timezone identifier. We selected 'Asia/Chongqing' for 'CST/8.0/no DST' instead (/Users/mac/Sites/simplecrm/protected/views/layouts/main.php:50)
Stack trace:
#0 /Users/mac/Sites/yii/framework/web/CBaseController.php(96): SiteController->renderInternal()
#1 /Users/mac/Sites/yii/framework/web/widgets/CContentDecorator.php(77): SiteController->renderFile()
#2 /Users/mac/Sites/yii/framework/web/widgets/CContentDecorator.php(55): CContentDecorator->decorate()
#3 /Users/mac/Sites/yii/framework/web/widgets/COutputProcessor.php(45): CContentDecorator->processOutput()
#4 /Users/mac/Sites/yii/framework/web/CBaseController.php(207): CContentDecorator->run()
#5 /Users/mac/Sites/yii/framework/web/CBaseController.php(301): SiteController->endWidget()
#6 /Users/mac/Sites/simplecrm/protected/views/layouts/column1.php(5): SiteController->endContent()
#7 /Users/mac/Sites/yii/framework/web/CBaseController.php(127): require()
#8 /Users/mac/Sites/yii/framework/web/CBaseController.php(96): SiteController->renderInternal()
#9 /Users/mac/Sites/yii/framework/web/CController.php(785): SiteController->renderFile()
#10 /Users/mac/Sites/simplecrm/protected/controllers/SiteController.php(32): SiteController->render()
#11 /Users/mac/Sites/yii/framework/web/actions/CInlineAction.php(50): SiteController->actionIndex()
#12 /Users/mac/Sites/yii/framework/web/CController.php(309): CInlineAction->runWithParams()
#13 /Users/mac/Sites/yii/framework/web/CController.php(287): SiteController->runAction()
#14 /Users/mac/Sites/yii/framework/web/CController.php(266): SiteController->runActionWithFilters()
#15 /Users/mac/Sites/yii/framework/web/CWebApplication.php(276): SiteController->run()
#16 /Users/mac/Sites/yii/framework/web/CWebApplication.php(135): CWebApplication->runController()
#17 /Users/mac/Sites/yii/framework/base/CApplication.php(162): CWebApplication->processRequest()
#18 /Users/mac/Sites/simplecrm/index.php(13): CWebApplication->run()
REQUEST_URI=/~mac/simplecrm/
in /Users/mac/Sites/simplecrm/protected/views/layouts/main.php (50)
in /Users/mac/Sites/simplecrm/protected/views/layouts/column1.php (5)
in /Users/mac/Sites/simplecrm/protected/controllers/SiteController.php (32)
2012/02/26 18:14:51 [error] [php] date(): It is not safe to rely on the system's timezone settings. You are *required* to use the date.timezone setting or the date_default_timezone_set() function. In case you used any of those methods and you are still getting this warning, you most likely misspelled the timezone identifier. We selected 'Asia/Chongqing' for 'CST/8.0/no DST' instead (/Users/mac/Sites/simplecrm/protected/views/layouts/main.php:50)
Stack trace:
#0 /Users/mac/Sites/yii/framework/web/CBaseController.php(96): SiteController->renderInternal()
#1 /Users/mac/Sites/yii/framework/web/widgets/CContentDecorator.php(77): SiteController->renderFile()
#2 /Users/mac/Sites/yii/framework/web/widgets/CContentDecorator.php(55): CContentDecorator->decorate()
#3 /Users/mac/Sites/yii/framework/web/widgets/COutputProcessor.php(45): CContentDecorator->processOutput()
#4 /Users/mac/Sites/yii/framework/web/CBaseController.php(207): CContentDecorator->run()
#5 /Users/mac/Sites/yii/framework/web/CBaseController.php(301): SiteController->endWidget()
#6 /Users/mac/Sites/simplecrm/protected/views/layouts/column1.php(5): SiteController->endContent()
#7 /Users/mac/Sites/yii/framework/web/CBaseController.php(127): require()
#8 /Users/mac/Sites/yii/framework/web/CBaseController.php(96): SiteController->renderInternal()
#9 /Users/mac/Sites/yii/framework/web/CController.php(785): SiteController->renderFile()
#10 /Users/mac/Sites/simplecrm/protected/controllers/SiteController.php(32): SiteController->render()
#11 /Users/mac/Sites/yii/framework/web/actions/CInlineAction.php(50): SiteController->actionIndex()
#12 /Users/mac/Sites/yii/framework/web/CController.php(309): CInlineAction->runWithParams()
#13 /Users/mac/Sites/yii/framework/web/CController.php(287): SiteController->runAction()
#14 /Users/mac/Sites/yii/framework/web/CController.php(266): SiteController->runActionWithFilters()
#15 /Users/mac/Sites/yii/framework/web/CWebApplication.php(276): SiteController->run()
#16 /Users/mac/Sites/yii/framework/web/CWebApplication.php(135): CWebApplication->runController()
#17 /Users/mac/Sites/yii/framework/base/CApplication.php(162): CWebApplication->processRequest()
#18 /Users/mac/Sites/simplecrm/index.php(13): CWebApplication->run()
REQUEST_URI=/~mac/simplecrm/
in /Users/mac/Sites/simplecrm/protected/views/layouts/main.php (50)
in /Users/mac/Sites/simplecrm/protected/views/layouts/column1.php (5)
in /Users/mac/Sites/simplecrm/protected/controllers/SiteController.php (32)
2012/02/26 18:15:15 [error] [php] date(): It is not safe to rely on the system's timezone settings. You are *required* to use the date.timezone setting or the date_default_timezone_set() function. In case you used any of those methods and you are still getting this warning, you most likely misspelled the timezone identifier. We selected 'Asia/Chongqing' for 'CST/8.0/no DST' instead (/Users/mac/Sites/simplecrm/protected/views/layouts/main.php:50)
Stack trace:
#0 /Users/mac/Sites/yii/framework/web/CBaseController.php(96): SiteController->renderInternal()
#1 /Users/mac/Sites/yii/framework/web/widgets/CContentDecorator.php(77): SiteController->renderFile()
#2 /Users/mac/Sites/yii/framework/web/widgets/CContentDecorator.php(55): CContentDecorator->decorate()
#3 /Users/mac/Sites/yii/framework/web/widgets/COutputProcessor.php(45): CContentDecorator->processOutput()
#4 /Users/mac/Sites/yii/framework/web/CBaseController.php(207): CContentDecorator->run()
#5 /Users/mac/Sites/yii/framework/web/CBaseController.php(301): SiteController->endWidget()
#6 /Users/mac/Sites/simplecrm/protected/views/layouts/column1.php(5): SiteController->endContent()
#7 /Users/mac/Sites/yii/framework/web/CBaseController.php(127): require()
#8 /Users/mac/Sites/yii/framework/web/CBaseController.php(96): SiteController->renderInternal()
#9 /Users/mac/Sites/yii/framework/web/CController.php(785): SiteController->renderFile()
#10 /Users/mac/Sites/simplecrm/protected/controllers/SiteController.php(32): SiteController->render()
#11 /Users/mac/Sites/yii/framework/web/actions/CInlineAction.php(50): SiteController->actionIndex()
#12 /Users/mac/Sites/yii/framework/web/CController.php(309): CInlineAction->runWithParams()
#13 /Users/mac/Sites/yii/framework/web/CController.php(287): SiteController->runAction()
#14 /Users/mac/Sites/yii/framework/web/CController.php(266): SiteController->runActionWithFilters()
#15 /Users/mac/Sites/yii/framework/web/CWebApplication.php(276): SiteController->run()
#16 /Users/mac/Sites/yii/framework/web/CWebApplication.php(135): CWebApplication->runController()
#17 /Users/mac/Sites/yii/framework/base/CApplication.php(162): CWebApplication->processRequest()
#18 /Users/mac/Sites/simplecrm/index.php(13): CWebApplication->run()
REQUEST_URI=/~mac/simplecrm/
in /Users/mac/Sites/simplecrm/protected/views/layouts/main.php (50)
in /Users/mac/Sites/simplecrm/protected/views/layouts/column1.php (5)
in /Users/mac/Sites/simplecrm/protected/controllers/SiteController.php (32)
2012/02/26 18:15:17 [error] [php] date(): It is not safe to rely on the system's timezone settings. You are *required* to use the date.timezone setting or the date_default_timezone_set() function. In case you used any of those methods and you are still getting this warning, you most likely misspelled the timezone identifier. We selected 'Asia/Chongqing' for 'CST/8.0/no DST' instead (/Users/mac/Sites/simplecrm/protected/views/layouts/main.php:50)
Stack trace:
#0 /Users/mac/Sites/yii/framework/web/CBaseController.php(96): SiteController->renderInternal()
#1 /Users/mac/Sites/yii/framework/web/widgets/CContentDecorator.php(77): SiteController->renderFile()
#2 /Users/mac/Sites/yii/framework/web/widgets/CContentDecorator.php(55): CContentDecorator->decorate()
#3 /Users/mac/Sites/yii/framework/web/widgets/COutputProcessor.php(45): CContentDecorator->processOutput()
#4 /Users/mac/Sites/yii/framework/web/CBaseController.php(207): CContentDecorator->run()
#5 /Users/mac/Sites/yii/framework/web/CBaseController.php(301): SiteController->endWidget()
#6 /Users/mac/Sites/simplecrm/protected/views/layouts/column1.php(5): SiteController->endContent()
#7 /Users/mac/Sites/yii/framework/web/CBaseController.php(127): require()
#8 /Users/mac/Sites/yii/framework/web/CBaseController.php(96): SiteController->renderInternal()
#9 /Users/mac/Sites/yii/framework/web/CController.php(785): SiteController->renderFile()
#10 /Users/mac/Sites/simplecrm/protected/controllers/SiteController.php(32): SiteController->render()
#11 /Users/mac/Sites/yii/framework/web/actions/CInlineAction.php(50): SiteController->actionIndex()
#12 /Users/mac/Sites/yii/framework/web/CController.php(309): CInlineAction->runWithParams()
#13 /Users/mac/Sites/yii/framework/web/CController.php(287): SiteController->runAction()
#14 /Users/mac/Sites/yii/framework/web/CController.php(266): SiteController->runActionWithFilters()
#15 /Users/mac/Sites/yii/framework/web/CWebApplication.php(276): SiteController->run()
#16 /Users/mac/Sites/yii/framework/web/CWebApplication.php(135): CWebApplication->runController()
#17 /Users/mac/Sites/yii/framework/base/CApplication.php(162): CWebApplication->processRequest()
#18 /Users/mac/Sites/simplecrm/index.php(13): CWebApplication->run()
REQUEST_URI=/~mac/simplecrm/
in /Users/mac/Sites/simplecrm/protected/views/layouts/main.php (50)
in /Users/mac/Sites/simplecrm/protected/views/layouts/column1.php (5)
in /Users/mac/Sites/simplecrm/protected/controllers/SiteController.php (32)
2012/02/27 21:14:58 [error] [exception.CHttpException.404] exception 'CHttpException' with message 'Unable to resolve the request "zii".' in /Users/mac/Sites/simplecrm/protected/framework/web/CWebApplication.php:280
Stack trace:
#0 /Users/mac/Sites/simplecrm/protected/framework/web/CWebApplication.php(135): CWebApplication->runController('zii')
#1 /Users/mac/Sites/simplecrm/protected/framework/base/CApplication.php(162): CWebApplication->processRequest()
#2 /Users/mac/Sites/simplecrm/index.php(13): CApplication->run()
#3 {main}
REQUEST_URI=/~mac/simplecrm/index.php?r=zii
---
2012/02/27 21:15:39 [error] [exception.CHttpException.404] exception 'CHttpException' with message 'Unable to resolve the request "gii".' in /Users/mac/Sites/simplecrm/protected/framework/web/CWebApplication.php:280
Stack trace:
#0 /Users/mac/Sites/simplecrm/protected/framework/web/CWebApplication.php(135): CWebApplication->runController('gii')
#1 /Users/mac/Sites/simplecrm/protected/framework/base/CApplication.php(162): CWebApplication->processRequest()
#2 /Users/mac/Sites/simplecrm/index.php(13): CApplication->run()
#3 {main}
REQUEST_URI=/~mac/simplecrm/index.php?r=gii
---
